<?xml version="1.0" encoding="UTF-8"?>
<testsuite name="ScrabbleTest" tests="6" skipped="0" failures="0" errors="0" timestamp="2016-09-07T21:05:08" hostname="Sheenas-MBP" time="0.006">
  <properties/>
  <testcase name="calculateScore_returnsScoreForSingleLetter_1" classname="ScrabbleTest" time="0.003"/>
  <testcase name="calculateScore_returnsScoreForWordWithLettersFromAllCategories_33" classname="ScrabbleTest" time="0.0"/>
  <testcase name="calculateScore_returnsScoreForTwoLettersWorthDifferentPoints_3" classname="ScrabbleTest" time="0.0"/>
  <testcase name="calculateScore_returnsScoreForAnyLetter_87" classname="ScrabbleTest" time="0.0"/>
  <testcase name="calculateScore_returnsScoreForTwoLetters_2" classname="ScrabbleTest" time="0.0"/>
  <testcase name="calculateScore_returnsScoreForWordWithMixedCase_33" classname="ScrabbleTest" time="0.0"/>
  <system-out><![CDATA[]]></system-out>
  <system-err><![CDATA[]]></system-err>
</testsuite>
